<?xml version="1.0" encoding="UTF-8"?>
<testsuite xmlns:xsi="http://www.w3.org/2001/XMLSchema-instance" xsi:noNamespaceSchemaLocation="https://maven.apache.org/surefire/maven-surefire-plugin/xsd/surefire-test-report.xsd" name="com.lin.test.ServiceTest" time="0" tests="0" errors="0" skipped="0" failures="0">
  <properties>
    <property name="sun.desktop" value="windows"/>
    <property name="awt.toolkit" value="sun.awt.windows.WToolkit"/>
    <property name="file.encoding.pkg" value="sun.io"/>
    <property name="java.specification.version" value="1.8"/>
    <property name="sun.cpu.isalist" value="amd64"/>
    <property name="sun.jnu.encoding" value="GBK"/>
    <property name="java.class.path" value="D:\JavaDevelop\IDEAproject\07maven\gusuoxiang\service\target\test-classes;D:\JavaDevelop\IDEAproject\07maven\gusuoxiang\service\target\classes;D:\JavaDevelop\IDEAproject\07maven\gusuoxiang\dao\target\gusuoxiang.jar;D:\JavaDevelop\IDEAproject\07maven\gusuoxiang\domain\target\gusuoxiang.jar;D:\JavaDevelop\IDEAproject\07maven\gusuoxiang\utils\target\gusuoxiang.jar;D:\JavaDevelop\IDEAproject\07maven\gusuoxiang\bean\target\gusuoxiang.jar;D:\JavaDevelop\maven\maven_repository\junit\junit\3.8.1\junit-3.8.1.jar;D:\JavaDevelop\maven\maven_repository\javax\servlet\javax.servlet-api\3.1.0\javax.servlet-api-3.1.0.jar;D:\JavaDevelop\maven\maven_repository\mysql\mysql-connector-java\5.1.26\mysql-connector-java-5.1.26.jar;D:\JavaDevelop\maven\maven_repository\com\alibaba\druid\1.0.9\druid-1.0.9.jar;C:\Program Files\Java\jdk1.8.0_202\jre\..\lib\jconsole.jar;C:\Program Files\Java\jdk1.8.0_202\jre\..\lib\tools.jar;D:\JavaDevelop\maven\maven_repository\org\springframework\spring-core\4.1.2.RELEASE\spring-core-4.1.2.RELEASE.jar;D:\JavaDevelop\maven\maven_repository\org\springframework\spring-jdbc\4.1.2.RELEASE\spring-jdbc-4.1.2.RELEASE.jar;D:\JavaDevelop\maven\maven_repository\org\springframework\spring-tx\4.1.2.RELEASE\spring-tx-4.1.2.RELEASE.jar;D:\JavaDevelop\maven\maven_repository\org\springframework\spring-beans\4.1.2.RELEASE\spring-beans-4.1.2.RELEASE.jar;D:\JavaDevelop\maven\maven_repository\commons-logging\commons-logging\1.1.1\commons-logging-1.1.1.jar;D:\JavaDevelop\maven\maven_repository\commons-beanutils\commons-beanutils\1.9.2\commons-beanutils-1.9.2.jar;D:\JavaDevelop\maven\maven_repository\commons-collections\commons-collections\3.2.1\commons-collections-3.2.1.jar;D:\JavaDevelop\maven\maven_repository\com\fasterxml\jackson\core\jackson-databind\2.3.3\jackson-databind-2.3.3.jar;D:\JavaDevelop\maven\maven_repository\com\fasterxml\jackson\core\jackson-core\2.3.3\jackson-core-2.3.3.jar;D:\JavaDevelop\maven\maven_repository\com\fasterxml\jackson\core\jackson-annotations\2.3.3\jackson-annotations-2.3.3.jar;D:\JavaDevelop\maven\maven_repository\javax\mail\javax.mail-api\1.5.6\javax.mail-api-1.5.6.jar;D:\JavaDevelop\maven\maven_repository\com\sun\mail\javax.mail\1.5.3\javax.mail-1.5.3.jar;D:\JavaDevelop\maven\maven_repository\javax\activation\activation\1.1\activation-1.1.jar;D:\JavaDevelop\maven\maven_repository\redis\clients\jedis\2.7.0\jedis-2.7.0.jar;D:\JavaDevelop\maven\maven_repository\org\apache\commons\commons-pool2\2.3\commons-pool2-2.3.jar;"/>
    <property name="java.vm.vendor" value="Oracle Corporation"/>
    <property name="sun.arch.data.model" value="64"/>
    <property name="user.variant" value=""/>
    <property name="java.vendor.url" value="http://java.oracle.com/"/>
    <property name="user.timezone" value="Asia/Shanghai"/>
    <property name="java.vm.specification.version" value="1.8"/>
    <property name="os.name" value="Windows 10"/>
    <property name="user.country" value="CN"/>
    <property name="sun.java.launcher" value="SUN_STANDARD"/>
    <property name="sun.boot.library.path" value="C:\Program Files\Java\jdk1.8.0_202\jre\bin"/>
    <property name="sun.java.command" value="C:\Users\ADMINI~1\AppData\Local\Temp\surefire6284314780908375637\surefirebooter1585306351065327374.jar C:\Users\Administrator\AppData\Local\Temp\surefire6284314780908375637 2019-10-27T20-14-15_605-jvmRun1 surefire5907798958569760632tmp surefire_16779532882356396333tmp"/>
    <property name="surefire.test.class.path" value="D:\JavaDevelop\IDEAproject\07maven\gusuoxiang\service\target\test-classes;D:\JavaDevelop\IDEAproject\07maven\gusuoxiang\service\target\classes;D:\JavaDevelop\IDEAproject\07maven\gusuoxiang\dao\target\gusuoxiang.jar;D:\JavaDevelop\IDEAproject\07maven\gusuoxiang\domain\target\gusuoxiang.jar;D:\JavaDevelop\IDEAproject\07maven\gusuoxiang\utils\target\gusuoxiang.jar;D:\JavaDevelop\IDEAproject\07maven\gusuoxiang\bean\target\gusuoxiang.jar;D:\JavaDevelop\maven\maven_repository\junit\junit\3.8.1\junit-3.8.1.jar;D:\JavaDevelop\maven\maven_repository\javax\servlet\javax.servlet-api\3.1.0\javax.servlet-api-3.1.0.jar;D:\JavaDevelop\maven\maven_repository\mysql\mysql-connector-java\5.1.26\mysql-connector-java-5.1.26.jar;D:\JavaDevelop\maven\maven_repository\com\alibaba\druid\1.0.9\druid-1.0.9.jar;C:\Program Files\Java\jdk1.8.0_202\jre\..\lib\jconsole.jar;C:\Program Files\Java\jdk1.8.0_202\jre\..\lib\tools.jar;D:\JavaDevelop\maven\maven_repository\org\springframework\spring-core\4.1.2.RELEASE\spring-core-4.1.2.RELEASE.jar;D:\JavaDevelop\maven\maven_repository\org\springframework\spring-jdbc\4.1.2.RELEASE\spring-jdbc-4.1.2.RELEASE.jar;D:\JavaDevelop\maven\maven_repository\org\springframework\spring-tx\4.1.2.RELEASE\spring-tx-4.1.2.RELEASE.jar;D:\JavaDevelop\maven\maven_repository\org\springframework\spring-beans\4.1.2.RELEASE\spring-beans-4.1.2.RELEASE.jar;D:\JavaDevelop\maven\maven_repository\commons-logging\commons-logging\1.1.1\commons-logging-1.1.1.jar;D:\JavaDevelop\maven\maven_repository\commons-beanutils\commons-beanutils\1.9.2\commons-beanutils-1.9.2.jar;D:\JavaDevelop\maven\maven_repository\commons-collections\commons-collections\3.2.1\commons-collections-3.2.1.jar;D:\JavaDevelop\maven\maven_repository\com\fasterxml\jackson\core\jackson-databind\2.3.3\jackson-databind-2.3.3.jar;D:\JavaDevelop\maven\maven_repository\com\fasterxml\jackson\core\jackson-core\2.3.3\jackson-core-2.3.3.jar;D:\JavaDevelop\maven\maven_repository\com\fasterxml\jackson\core\jackson-annotations\2.3.3\jackson-annotations-2.3.3.jar;D:\JavaDevelop\maven\maven_repository\javax\mail\javax.mail-api\1.5.6\javax.mail-api-1.5.6.jar;D:\JavaDevelop\maven\maven_repository\com\sun\mail\javax.mail\1.5.3\javax.mail-1.5.3.jar;D:\JavaDevelop\maven\maven_repository\javax\activation\activation\1.1\activation-1.1.jar;D:\JavaDevelop\maven\maven_repository\redis\clients\jedis\2.7.0\jedis-2.7.0.jar;D:\JavaDevelop\maven\maven_repository\org\apache\commons\commons-pool2\2.3\commons-pool2-2.3.jar;"/>
    <property name="sun.cpu.endian" value="little"/>
    <property name="user.home" value="C:\Users\Administrator"/>
    <property name="user.language" value="zh"/>
    <property name="java.specification.vendor" value="Oracle Corporation"/>
    <property name="java.home" value="C:\Program Files\Java\jdk1.8.0_202\jre"/>
    <property name="basedir" value="D:\JavaDevelop\IDEAproject\07maven\gusuoxiang\service"/>
    <property name="file.separator" value="\"/>
    <property name="line.separator" value="&#10;"/>
    <property name="java.vm.specification.vendor" value="Oracle Corporation"/>
    <property name="java.specification.name" value="Java Platform API Specification"/>
    <property name="java.awt.graphicsenv" value="sun.awt.Win32GraphicsEnvironment"/>
    <property name="surefire.real.class.path" value="C:\Users\ADMINI~1\AppData\Local\Temp\surefire6284314780908375637\surefirebooter1585306351065327374.jar"/>
    <property name="sun.boot.class.path" value="C:\Program Files\Java\jdk1.8.0_202\jre\lib\resources.jar;C:\Program Files\Java\jdk1.8.0_202\jre\lib\rt.jar;C:\Program Files\Java\jdk1.8.0_202\jre\lib\sunrsasign.jar;C:\Program Files\Java\jdk1.8.0_202\jre\lib\jsse.jar;C:\Program Files\Java\jdk1.8.0_202\jre\lib\jce.jar;C:\Program Files\Java\jdk1.8.0_202\jre\lib\charsets.jar;C:\Program Files\Java\jdk1.8.0_202\jre\lib\jfr.jar;C:\Program Files\Java\jdk1.8.0_202\jre\classes"/>
    <property name="user.script" value=""/>
    <property name="sun.management.compiler" value="HotSpot 64-Bit Tiered Compilers"/>
    <property name="java.runtime.version" value="1.8.0_202-b08"/>
    <property name="user.name" value="Administrator"/>
    <property name="path.separator" value=";"/>
    <property name="os.version" value="10.0"/>
    <property name="java.endorsed.dirs" value="C:\Program Files\Java\jdk1.8.0_202\jre\lib\endorsed"/>
    <property name="java.runtime.name" value="Java(TM) SE Runtime Environment"/>
    <property name="file.encoding" value="GBK"/>
    <property name="java.vm.name" value="Java HotSpot(TM) 64-Bit Server VM"/>
    <property name="localRepository" value="D:\JavaDevelop\maven\maven_repository"/>
    <property name="java.vendor.url.bug" value="http://bugreport.sun.com/bugreport/"/>
    <property name="java.io.tmpdir" value="C:\Users\ADMINI~1\AppData\Local\Temp\"/>
    <property name="java.version" value="1.8.0_202"/>
    <property name="user.dir" value="D:\JavaDevelop\IDEAproject\07maven\gusuoxiang\service"/>
    <property name="os.arch" value="amd64"/>
    <property name="java.vm.specification.name" value="Java Virtual Machine Specification"/>
    <property name="java.awt.printerjob" value="sun.awt.windows.WPrinterJob"/>
    <property name="sun.os.patch.level" value=""/>
    <property name="java.library.path" value="C:\Program Files\Java\jdk1.8.0_202\jre\bin;C:\Windows\Sun\Java\bin;C:\Windows\system32;C:\Windows;C:\Program Files (x86)\Common Files\Oracle\Java\javapath;C:\Program Files\Java\jdk-12.0.1\bin;C:\Windows\system32;C:\Windows;C:\Windows\System32\Wbem;C:\Windows\System32\WindowsPowerShell\v1.0\;C:\Windows\System32\OpenSSH\;C:\Program Files\MySQL\MySQL Server 5.5\bin;%MYSQL_HOME%\bin;D:\JavaDevelop\Mysql\bin;D:\JavaDevelop\maven\apache-maven-3.5.2\bin;C:\Program Files\Git\cmd;C:\Program Files\TortoiseGit\bin;C:\Users\Administrator\AppData\Local\Microsoft\WindowsApps;;."/>
    <property name="java.vm.info" value="mixed mode"/>
    <property name="java.vendor" value="Oracle Corporation"/>
    <property name="java.vm.version" value="25.202-b08"/>
    <property name="idea.version2019.3" value="true"/>
    <property name="java.ext.dirs" value="C:\Program Files\Java\jdk1.8.0_202\jre\lib\ext;C:\Windows\Sun\Java\lib\ext"/>
    <property name="sun.io.unicode.encoding" value="UnicodeLittle"/>
    <property name="java.class.version" value="52.0"/>
  </properties>
</testsuite>